<?xml version="1.0" encoding="UTF-8"?>
<testng-results skipped="0" failed="0" ignored="0" total="1" passed="1">
  <reporter-output>
  </reporter-output>
  <suite name="Suite" duration-ms="72" started-at="2017-07-25T09:26:10Z" finished-at="2017-07-25T09:26:10Z">
    <groups>
    </groups>
    <test name="Test" duration-ms="72" started-at="2017-07-25T09:26:10Z" finished-at="2017-07-25T09:26:10Z">
      <class name="demo.Programm">
        <test-method status="PASS" signature="f()[pri:0, instance:demo.Programm@5bef66]" name="f" duration-ms="10" started-at="2017-07-25T14:56:10Z" finished-at="2017-07-25T14:56:10Z">
          <reporter-output>
          </reporter-output>
        </test-method> <!-- f -->
      </class> <!-- demo.Programm -->
    </test> <!-- Test -->
  </suite> <!-- Suite -->
</testng-results>
