<?xml version="1.0" encoding="UTF-8"?>
<testng-results skipped="0" failed="0" ignored="0" total="1" passed="1">
  <reporter-output>
  </reporter-output>
  <suite name="Suite" duration-ms="181" started-at="2017-07-24T09:59:53Z" finished-at="2017-07-24T09:59:53Z">
    <groups>
    </groups>
    <test name="Test" duration-ms="181" started-at="2017-07-24T09:59:53Z" finished-at="2017-07-24T09:59:53Z">
      <class name="demo.Programm">
        <test-method status="PASS" signature="f()[pri:0, instance:demo.Programm@190c9c3]" name="f" duration-ms="32" started-at="2017-07-24T15:29:53Z" finished-at="2017-07-24T15:29:53Z">
          <reporter-output>
          </reporter-output>
        </test-method> <!-- f -->
      </class> <!-- demo.Programm -->
    </test> <!-- Test -->
  </suite> <!-- Suite -->
</testng-results>
